# JRE version: OpenJDK Runtime Environment Temurin-21.0.10+7 (21.0.10+7) (build 21.0.10+7-LTS)
# Java VM: OpenJDK 64-Bit Server VM Temurin-21.0.10+7 (21.0.10+7-LTS, mixed mode, sharing, tiered, compressed oops, compressed class ptrs, parallel gc, windows-amd64)
GC Precious Log:
 CardTable entry size: 512
 CPUs: 16 total, 16 available
 Memory: 7893M
 Large Page Support: Disabled
 NUMA Support: Disabled
 Compressed Oops: Enabled (32-bit)
 Alignments: Space 512K, Generation 512K, Heap 2M
 Heap Min Capacity: 100M
 Heap Initial Capacity: 100M
 Heap Max Capacity: 2G
 Pre-touch: Disabled
 Parallel Workers: 13
Heap:
 PSYoungGen      total 10752K, used 3155K [0x00000000d5580000, 0x00000000d6300000, 0x0000000100000000)
  eden space 9728K, 22% used [0x00000000d5580000,0x00000000d57acc68,0x00000000d5f00000)
  from space 1024K, 90% used [0x00000000d6200000,0x00000000d62e8030,0x00000000d6300000)
  to   space 1536K, 0% used [0x00000000d6000000,0x00000000d6000000,0x00000000d6180000)
 ParOldGen       total 80896K, used 72978K [0x0000000080000000, 0x0000000084f00000, 0x00000000d5580000)
  object space 80896K, 90% used [0x0000000080000000,0x0000000084744ad0,0x0000000084f00000)
 Metaspace       used 62150K, committed 63552K, reserved 1114112K
  class space    used 6579K, committed 7168K, reserved 1048576K
GC Heap History (20 events):
Event: 9.605 GC heap before
{Heap before GC invocations=110 (full 3):
 PSYoungGen      total 10752K, used 564K [0x00000000d5580000, 0x00000000d6100000, 0x0000000100000000)
  eden space 9728K, 0% used [0x00000000d5580000,0x00000000d5580000,0x00000000d5f00000)
  from space 1024K, 55% used [0x00000000d5f00000,0x00000000d5f8d200,0x00000000d6000000)
  to   space 1024K, 0% used [0x00000000d6000000,0x00000000d6000000,0x00000000d6100000)
 ParOldGen       total 80896K, used 80563K [0x0000000080000000, 0x0000000084f00000, 0x00000000d5580000)
  object space 80896K, 99% used [0x0000000080000000,0x0000000084eacdc0,0x0000000084f00000)
 Metaspace       used 58861K, committed 60288K, reserved 1114112K
  class space    used 6277K, committed 6912K, reserved 1048576K
}
Event: 9.666 GC heap after
{Heap after GC invocations=110 (full 3):
 PSYoungGen      total 10752K, used 0K [0x00000000d5580000, 0x00000000d6100000, 0x0000000100000000)
  eden space 9728K, 0% used [0x00000000d5580000,0x00000000d5580000,0x00000000d5f00000)
  from space 1024K, 0% used [0x00000000d5f00000,0x00000000d5f00000,0x00000000d6000000)
  to   space 1024K, 0% used [0x00000000d6000000,0x00000000d6000000,0x00000000d6100000)
 ParOldGen       total 80896K, used 60062K [0x0000000080000000, 0x0000000084f00000, 0x00000000d5580000)
  object space 80896K, 74% used [0x0000000080000000,0x0000000083aa79e8,0x0000000084f00000)
 Metaspace       used 58854K, committed 60288K, reserved 1114112K
  class space    used 6275K, committed 6912K, reserved 1048576K
}
Event: 9.702 GC heap before
{Heap before GC invocations=111 (full 3):
 PSYoungGen      total 10752K, used 9728K [0x00000000d5580000, 0x00000000d6100000, 0x0000000100000000)
  eden space 9728K, 100% used [0x00000000d5580000,0x00000000d5f00000,0x00000000d5f00000)
  from space 1024K, 0% used [0x00000000d5f00000,0x00000000d5f00000,0x00000000d6000000)
  to   space 1024K, 0% used [0x00000000d6000000,0x00000000d6000000,0x00000000d6100000)
 ParOldGen       total 80896K, used 60062K [0x0000000080000000, 0x0000000084f00000, 0x00000000d5580000)
  object space 80896K, 74% used [0x0000000080000000,0x0000000083aa79e8,0x0000000084f00000)
 Metaspace       used 59403K, committed 60864K, reserved 1114112K
  class space    used 6331K, committed 6976K, reserved 1048576K
}
Event: 9.703 GC heap after
{Heap after GC invocations=111 (full 3):
 PSYoungGen      total 10752K, used 948K [0x00000000d5580000, 0x00000000d6100000, 0x0000000100000000)
  eden space 9728K, 0% used [0x00000000d5580000,0x00000000d5580000,0x00000000d5f00000)
  from space 1024K, 92% used [0x00000000d6000000,0x00000000d60ed220,0x00000000d6100000)
  to   space 1024K, 0% used [0x00000000d5f00000,0x00000000d5f00000,0x00000000d6000000)
 ParOldGen       total 80896K, used 60070K [0x0000000080000000, 0x0000000084f00000, 0x00000000d5580000)
  object space 80896K, 74% used [0x0000000080000000,0x0000000083aa99e8,0x0000000084f00000)
 Metaspace       used 59403K, committed 60864K, reserved 1114112K
  class space    used 6331K, committed 6976K, reserved 1048576K
}
Event: 9.733 GC heap before
{Heap before GC invocations=112 (full 3):
 PSYoungGen      total 10752K, used 10637K [0x00000000d5580000, 0x00000000d6100000, 0x0000000100000000)
  eden space 9728K, 99% used [0x00000000d5580000,0x00000000d5ef64e8,0x00000000d5f00000)
  from space 1024K, 92% used [0x00000000d6000000,0x00000000d60ed220,0x00000000d6100000)
  to   space 1024K, 0% used [0x00000000d5f00000,0x00000000d5f00000,0x00000000d6000000)
 ParOldGen       total 80896K, used 60070K [0x0000000080000000, 0x0000000084f00000, 0x00000000d5580000)
  object space 80896K, 74% used [0x0000000080000000,0x0000000083aa99e8,0x0000000084f00000)
 Metaspace       used 59693K, committed 61120K, reserved 1114112K
  class space    used 6367K, committed 6976K, reserved 1048576K
}
Event: 9.734 GC heap after
{Heap after GC invocations=112 (full 3):
 PSYoungGen      total 10752K, used 994K [0x00000000d5580000, 0x00000000d6b00000, 0x0000000100000000)
  eden space 9728K, 0% used [0x00000000d5580000,0x00000000d5580000,0x00000000d5f00000)
  from space 1024K, 97% used [0x00000000d5f00000,0x00000000d5ff8be8,0x00000000d6000000)
  to   space 6144K, 0% used [0x00000000d6500000,0x00000000d6500000,0x00000000d6b00000)
 ParOldGen       total 80896K, used 64154K [0x0000000080000000, 0x0000000084f00000, 0x00000000d5580000)
  object space 80896K, 79% used [0x0000000080000000,0x0000000083ea6940,0x0000000084f00000)
 Metaspace       used 59693K, committed 61120K, reserved 1114112K
  class space    used 6367K, committed 6976K, reserved 1048576K
}
Event: 9.785 GC heap before
{Heap before GC invocations=113 (full 3):
 PSYoungGen      total 10752K, used 10722K [0x00000000d5580000, 0x00000000d6b00000, 0x0000000100000000)
  eden space 9728K, 100% used [0x00000000d5580000,0x00000000d5f00000,0x00000000d5f00000)
  from space 1024K, 97% used [0x00000000d5f00000,0x00000000d5ff8be8,0x00000000d6000000)
  to   space 6144K, 0% used [0x00000000d6500000,0x00000000d6500000,0x00000000d6b00000)
 ParOldGen       total 80896K, used 64154K [0x0000000080000000, 0x0000000084f00000, 0x00000000d5580000)
  object space 80896K, 79% used [0x0000000080000000,0x0000000083ea6940,0x0000000084f00000)
 Metaspace       used 60025K, committed 61504K, reserved 1114112K
  class space    used 6393K, committed 7040K, reserved 1048576K
}
Event: 9.787 GC heap after
{Heap after GC invocations=113 (full 3):
 PSYoungGen      total 12288K, used 2315K [0x00000000d5580000, 0x00000000d6780000, 0x0000000100000000)
  eden space 9728K, 0% used [0x00000000d5580000,0x00000000d5580000,0x00000000d5f00000)
  from space 2560K, 90% used [0x00000000d6500000,0x00000000d6742c30,0x00000000d6780000)
  to   space 3584K, 0% used [0x00000000d6080000,0x00000000d6080000,0x00000000d6400000)
 ParOldGen       total 80896K, used 65114K [0x0000000080000000, 0x0000000084f00000, 0x00000000d5580000)
  object space 80896K, 80% used [0x0000000080000000,0x0000000083f96950,0x0000000084f00000)
 Metaspace       used 60025K, committed 61504K, reserved 1114112K
  class space    used 6393K, committed 7040K, reserved 1048576K
}
Event: 9.799 GC heap before
{Heap before GC invocations=114 (full 3):
 PSYoungGen      total 12288K, used 12043K [0x00000000d5580000, 0x00000000d6780000, 0x0000000100000000)
  eden space 9728K, 100% used [0x00000000d5580000,0x00000000d5f00000,0x00000000d5f00000)
  from space 2560K, 90% used [0x00000000d6500000,0x00000000d6742c30,0x00000000d6780000)
  to   space 3584K, 0% used [0x00000000d6080000,0x00000000d6080000,0x00000000d6400000)
 ParOldGen       total 80896K, used 65114K [0x0000000080000000, 0x0000000084f00000, 0x00000000d5580000)
  object space 80896K, 80% used [0x0000000080000000,0x0000000083f96950,0x0000000084f00000)
 Metaspace       used 60056K, committed 61504K, reserved 1114112K
  class space    used 6393K, committed 7040K, reserved 1048576K
}
Event: 9.801 GC heap after
{Heap after GC invocations=114 (full 3):
 PSYoungGen      total 10752K, used 1024K [0x00000000d5580000, 0x00000000d6580000, 0x0000000100000000)
  eden space 9728K, 0% used [0x00000000d5580000,0x00000000d5580000,0x00000000d5f00000)
  from space 1024K, 100% used [0x00000000d6080000,0x00000000d6180000,0x00000000d6180000)
  to   space 2048K, 0% used [0x00000000d6380000,0x00000000d6380000,0x00000000d6580000)
 ParOldGen       total 80896K, used 67158K [0x0000000080000000, 0x0000000084f00000, 0x00000000d5580000)
  object space 80896K, 83% used [0x0000000080000000,0x0000000084195b38,0x0000000084f00000)
 Metaspace       used 60056K, committed 61504K, reserved 1114112K
  class space    used 6393K, committed 7040K, reserved 1048576K
}
Event: 9.816 GC heap before
{Heap before GC invocations=115 (full 3):
 PSYoungGen      total 10752K, used 10752K [0x00000000d5580000, 0x00000000d6580000, 0x0000000100000000)
  eden space 9728K, 100% used [0x00000000d5580000,0x00000000d5f00000,0x00000000d5f00000)
  from space 1024K, 100% used [0x00000000d6080000,0x00000000d6180000,0x00000000d6180000)
  to   space 2048K, 0% used [0x00000000d6380000,0x00000000d6380000,0x00000000d6580000)
 ParOldGen       total 80896K, used 67158K [0x0000000080000000, 0x0000000084f00000, 0x00000000d5580000)
  object space 80896K, 83% used [0x0000000080000000,0x0000000084195b38,0x0000000084f00000)
 Metaspace       used 60181K, committed 61632K, reserved 1114112K
  class space    used 6420K, committed 7040K, reserved 1048576K
}
Event: 9.817 GC heap after
{Heap after GC invocations=115 (full 3):
 PSYoungGen      total 11264K, used 1088K [0x00000000d5580000, 0x00000000d6500000, 0x0000000100000000)
  eden space 9728K, 0% used [0x00000000d5580000,0x00000000d5580000,0x00000000d5f00000)
  from space 1536K, 70% used [0x00000000d6380000,0x00000000d6490030,0x00000000d6500000)
  to   space 1536K, 0% used [0x00000000d6200000,0x00000000d6200000,0x00000000d6380000)
 ParOldGen       total 80896K, used 67915K [0x0000000080000000, 0x0000000084f00000, 0x00000000d5580000)
  object space 80896K, 83% used [0x0000000080000000,0x0000000084252dc8,0x0000000084f00000)
 Metaspace       used 60181K, committed 61632K, reserved 1114112K
  class space    used 6420K, committed 7040K, reserved 1048576K
}
Event: 9.865 GC heap before
{Heap before GC invocations=116 (full 3):
 PSYoungGen      total 11264K, used 10816K [0x00000000d5580000, 0x00000000d6500000, 0x0000000100000000)
  eden space 9728K, 99% used [0x00000000d5580000,0x00000000d5effff8,0x00000000d5f00000)
  from space 1536K, 70% used [0x00000000d6380000,0x00000000d6490030,0x00000000d6500000)
  to   space 1536K, 0% used [0x00000000d6200000,0x00000000d6200000,0x00000000d6380000)
 ParOldGen       total 80896K, used 67915K [0x0000000080000000, 0x0000000084f00000, 0x00000000d5580000)
  object space 80896K, 83% used [0x0000000080000000,0x0000000084252dc8,0x0000000084f00000)
 Metaspace       used 60464K, committed 61888K, reserved 1114112K
  class space    used 6439K, committed 7040K, reserved 1048576K
}
Event: 9.867 GC heap after
{Heap after GC invocations=116 (full 3):
 PSYoungGen      total 11264K, used 1322K [0x00000000d5580000, 0x00000000d6400000, 0x0000000100000000)
  eden space 9728K, 0% used [0x00000000d5580000,0x00000000d5580000,0x00000000d5f00000)
  from space 1536K, 86% used [0x00000000d6200000,0x00000000d634a950,0x00000000d6380000)
  to   space 512K, 0% used [0x00000000d6380000,0x00000000d6380000,0x00000000d6400000)
 ParOldGen       total 80896K, used 68787K [0x0000000080000000, 0x0000000084f00000, 0x00000000d5580000)
  object space 80896K, 85% used [0x0000000080000000,0x000000008432cdf8,0x0000000084f00000)
 Metaspace       used 60464K, committed 61888K, reserved 1114112K
  class space    used 6439K, committed 7040K, reserved 1048576K
}
Event: 9.912 GC heap before
{Heap before GC invocations=117 (full 3):
 PSYoungGen      total 11264K, used 11050K [0x00000000d5580000, 0x00000000d6400000, 0x0000000100000000)
  eden space 9728K, 100% used [0x00000000d5580000,0x00000000d5f00000,0x00000000d5f00000)
  from space 1536K, 86% used [0x00000000d6200000,0x00000000d634a950,0x00000000d6380000)
  to   space 512K, 0% used [0x00000000d6380000,0x00000000d6380000,0x00000000d6400000)
 ParOldGen       total 80896K, used 68787K [0x0000000080000000, 0x0000000084f00000, 0x00000000d5580000)
  object space 80896K, 85% used [0x0000000080000000,0x000000008432cdf8,0x0000000084f00000)
 Metaspace       used 60969K, committed 62464K, reserved 1114112K
  class space    used 6480K, committed 7104K, reserved 1048576K
}
Event: 9.914 GC heap after
{Heap after GC invocations=117 (full 3):
 PSYoungGen      total 10240K, used 512K [0x00000000d5580000, 0x00000000d6600000, 0x0000000100000000)
  eden space 9728K, 0% used [0x00000000d5580000,0x00000000d5580000,0x00000000d5f00000)
  from space 512K, 100% used [0x00000000d6380000,0x00000000d6400000,0x00000000d6400000)
  to   space 3584K, 0% used [0x00000000d5f00000,0x00000000d5f00000,0x00000000d6280000)
 ParOldGen       total 80896K, used 71261K [0x0000000080000000, 0x0000000084f00000, 0x00000000d5580000)
  object space 80896K, 88% used [0x0000000080000000,0x0000000084597578,0x0000000084f00000)
 Metaspace       used 60969K, committed 62464K, reserved 1114112K
  class space    used 6480K, committed 7104K, reserved 1048576K
}
Event: 9.988 GC heap before
{Heap before GC invocations=118 (full 3):
 PSYoungGen      total 10240K, used 10240K [0x00000000d5580000, 0x00000000d6600000, 0x0000000100000000)
  eden space 9728K, 100% used [0x00000000d5580000,0x00000000d5f00000,0x00000000d5f00000)
  from space 512K, 100% used [0x00000000d6380000,0x00000000d6400000,0x00000000d6400000)
  to   space 3584K, 0% used [0x00000000d5f00000,0x00000000d5f00000,0x00000000d6280000)
 ParOldGen       total 80896K, used 71261K [0x0000000080000000, 0x0000000084f00000, 0x00000000d5580000)
  object space 80896K, 88% used [0x0000000080000000,0x0000000084597578,0x0000000084f00000)
 Metaspace       used 61741K, committed 63168K, reserved 1114112K
  class space    used 6565K, committed 7168K, reserved 1048576K
}
Event: 9.989 GC heap after
{Heap after GC invocations=118 (full 3):
 PSYoungGen      total 11264K, used 1422K [0x00000000d5580000, 0x00000000d6400000, 0x0000000100000000)
  eden space 9728K, 0% used [0x00000000d5580000,0x00000000d5580000,0x00000000d5f00000)
  from space 1536K, 92% used [0x00000000d5f00000,0x00000000d6063a80,0x00000000d6080000)
  to   space 2048K, 0% used [0x00000000d6200000,0x00000000d6200000,0x00000000d6400000)
 ParOldGen       total 80896K, used 71821K [0x0000000080000000, 0x0000000084f00000, 0x00000000d5580000)
  object space 80896K, 88% used [0x0000000080000000,0x0000000084623578,0x0000000084f00000)
 Metaspace       used 61741K, committed 63168K, reserved 1114112K
  class space    used 6565K, committed 7168K, reserved 1048576K
}
Event: 30.815 GC heap before
{Heap before GC invocations=119 (full 3):
 PSYoungGen      total 11264K, used 11150K [0x00000000d5580000, 0x00000000d6400000, 0x0000000100000000)
  eden space 9728K, 100% used [0x00000000d5580000,0x00000000d5f00000,0x00000000d5f00000)
  from space 1536K, 92% used [0x00000000d5f00000,0x00000000d6063a80,0x00000000d6080000)
  to   space 2048K, 0% used [0x00000000d6200000,0x00000000d6200000,0x00000000d6400000)
 ParOldGen       total 80896K, used 71821K [0x0000000080000000, 0x0000000084f00000, 0x00000000d5580000)
  object space 80896K, 88% used [0x0000000080000000,0x0000000084623578,0x0000000084f00000)
 Metaspace       used 61937K, committed 63360K, reserved 1114112K
  class space    used 6566K, committed 7168K, reserved 1048576K
}
Event: 30.817 GC heap after
{Heap after GC invocations=119 (full 3):
 PSYoungGen      total 10752K, used 928K [0x00000000d5580000, 0x00000000d6300000, 0x0000000100000000)
  eden space 9728K, 0% used [0x00000000d5580000,0x00000000d5580000,0x00000000d5f00000)
  from space 1024K, 90% used [0x00000000d6200000,0x00000000d62e8030,0x00000000d6300000)
  to   space 1536K, 0% used [0x00000000d6000000,0x00000000d6000000,0x00000000d6180000)
 ParOldGen       total 80896K, used 72978K [0x0000000080000000, 0x0000000084f00000, 0x00000000d5580000)
  object space 80896K, 90% used [0x0000000080000000,0x0000000084744ad0,0x0000000084f00000)
 Metaspace       used 61937K, committed 63360K, reserved 1114112K
  class space    used 6566K, committed 7168K, reserved 1048576K
}

